{"/Users/meimei/workspace/ntu/repo/stocker/frontend/src/App.test.tsx": {"path":"/Users/meimei/workspace/ntu/repo/stocker/frontend/src/App.test.tsx","all":false,"statementMap":{"0":{"start":{"line":1,"column":0},"end":{"line":1,"column":56}},"2":{"start":{"line":3,"column":0},"end":{"line":3,"column":50}},"112":{"start":{"line":113,"column":0},"end":{"line":113,"column":23}},"113":{"start":{"line":114,"column":0},"end":{"line":114,"column":63}},"114":{"start":{"line":115,"column":0},"end":{"line":115,"column":20}},"116":{"start":{"line":117,"column":0},"end":{"line":117,"column":67}},"117":{"start":{"line":118,"column":0},"end":{"line":118,"column":64}},"118":{"start":{"line":119,"column":0},"end":{"line":119,"column":69}},"119":{"start":{"line":120,"column":0},"end":{"line":120,"column":75}},"120":{"start":{"line":121,"column":0},"end":{"line":121,"column":5}},"122":{"start":{"line":123,"column":0},"end":{"line":123,"column":93}},"123":{"start":{"line":124,"column":0},"end":{"line":124,"column":35}},"124":{"start":{"line":125,"column":0},"end":{"line":125,"column":20}},"126":{"start":{"line":127,"column":0},"end":{"line":127,"column":72}},"127":{"start":{"line":128,"column":0},"end":{"line":128,"column":85}},"128":{"start":{"line":129,"column":0},"end":{"line":129,"column":64}},"130":{"start":{"line":131,"column":0},"end":{"line":131,"column":65}},"131":{"start":{"line":132,"column":0},"end":{"line":132,"column":85}},"132":{"start":{"line":133,"column":0},"end":{"line":133,"column":63}},"134":{"start":{"line":135,"column":0},"end":{"line":135,"column":66}},"135":{"start":{"line":136,"column":0},"end":{"line":136,"column":86}},"136":{"start":{"line":137,"column":0},"end":{"line":137,"column":67}},"138":{"start":{"line":139,"column":0},"end":{"line":139,"column":64}},"139":{"start":{"line":140,"column":0},"end":{"line":140,"column":84}},"140":{"start":{"line":141,"column":0},"end":{"line":141,"column":67}},"142":{"start":{"line":143,"column":0},"end":{"line":143,"column":63}},"143":{"start":{"line":144,"column":0},"end":{"line":144,"column":83}},"144":{"start":{"line":145,"column":0},"end":{"line":145,"column":65}},"145":{"start":{"line":146,"column":0},"end":{"line":146,"column":5}},"147":{"start":{"line":148,"column":0},"end":{"line":148,"column":71}},"148":{"start":{"line":149,"column":0},"end":{"line":149,"column":35}},"149":{"start":{"line":150,"column":0},"end":{"line":150,"column":20}},"151":{"start":{"line":152,"column":0},"end":{"line":152,"column":70}},"152":{"start":{"line":153,"column":0},"end":{"line":153,"column":56}},"153":{"start":{"line":154,"column":0},"end":{"line":154,"column":72}},"155":{"start":{"line":156,"column":0},"end":{"line":156,"column":64}},"156":{"start":{"line":157,"column":0},"end":{"line":157,"column":63}},"157":{"start":{"line":158,"column":0},"end":{"line":158,"column":63}},"158":{"start":{"line":159,"column":0},"end":{"line":159,"column":52}},"159":{"start":{"line":160,"column":0},"end":{"line":160,"column":65}},"161":{"start":{"line":162,"column":0},"end":{"line":162,"column":65}},"162":{"start":{"line":163,"column":0},"end":{"line":163,"column":73}},"163":{"start":{"line":164,"column":0},"end":{"line":164,"column":70}},"164":{"start":{"line":165,"column":0},"end":{"line":165,"column":62}},"165":{"start":{"line":166,"column":0},"end":{"line":166,"column":65}},"166":{"start":{"line":167,"column":0},"end":{"line":167,"column":65}},"168":{"start":{"line":169,"column":0},"end":{"line":169,"column":63}},"169":{"start":{"line":170,"column":0},"end":{"line":170,"column":5}},"170":{"start":{"line":171,"column":0},"end":{"line":171,"column":3}}},"s":{"0":1,"2":1,"112":1,"113":1,"114":1,"116":1,"117":1,"118":1,"119":1,"120":1,"122":1,"123":1,"124":1,"126":1,"127":1,"128":1,"130":1,"131":1,"132":1,"134":1,"135":1,"136":1,"138":1,"139":1,"140":1,"142":1,"143":1,"144":1,"145":1,"147":1,"148":1,"149":1,"151":1,"152":1,"153":1,"155":1,"156":1,"157":1,"158":1,"159":1,"161":1,"162":1,"163":1,"164":1,"165":1,"166":1,"168":1,"169":1,"170":1},"branchMap":{"0":{"type":"branch","line":113,"loc":{"start":{"line":113,"column":16},"end":{"line":171,"column":3}},"locations":[{"start":{"line":113,"column":16},"end":{"line":171,"column":3}}]},"1":{"type":"branch","line":114,"loc":{"start":{"line":114,"column":50},"end":{"line":121,"column":3}},"locations":[{"start":{"line":114,"column":50},"end":{"line":121,"column":3}}]},"2":{"type":"branch","line":123,"loc":{"start":{"line":123,"column":80},"end":{"line":146,"column":3}},"locations":[{"start":{"line":123,"column":80},"end":{"line":146,"column":3}}]},"3":{"type":"branch","line":148,"loc":{"start":{"line":148,"column":58},"end":{"line":170,"column":3}},"locations":[{"start":{"line":148,"column":58},"end":{"line":170,"column":3}}]}},"b":{"0":[1],"1":[1],"2":[1],"3":[1]},"fnMap":{},"f":{}}
,"/Users/meimei/workspace/ntu/repo/stocker/frontend/src/App.tsx": {"path":"/Users/meimei/workspace/ntu/repo/stocker/frontend/src/App.tsx","all":false,"statementMap":{"0":{"start":{"line":1,"column":0},"end":{"line":1,"column":73}},"11":{"start":{"line":12,"column":0},"end":{"line":12,"column":37}},"12":{"start":{"line":13,"column":0},"end":{"line":13,"column":19}},"13":{"start":{"line":14,"column":0},"end":{"line":14,"column":14}},"14":{"start":{"line":15,"column":0},"end":{"line":15,"column":19}},"15":{"start":{"line":16,"column":0},"end":{"line":16,"column":23}},"16":{"start":{"line":17,"column":0},"end":{"line":17,"column":5}},"17":{"start":{"line":18,"column":0},"end":{"line":18,"column":3}},"18":{"start":{"line":19,"column":0},"end":{"line":19,"column":3}},"20":{"start":{"line":21,"column":0},"end":{"line":21,"column":31}},"21":{"start":{"line":22,"column":0},"end":{"line":22,"column":10}},"22":{"start":{"line":23,"column":0},"end":{"line":23,"column":46}},"23":{"start":{"line":24,"column":0},"end":{"line":24,"column":21}},"24":{"start":{"line":25,"column":0},"end":{"line":25,"column":16}},"25":{"start":{"line":26,"column":0},"end":{"line":26,"column":40}},"26":{"start":{"line":27,"column":0},"end":{"line":27,"column":51}},"27":{"start":{"line":28,"column":0},"end":{"line":28,"column":69}},"28":{"start":{"line":29,"column":0},"end":{"line":29,"column":61}},"29":{"start":{"line":30,"column":0},"end":{"line":30,"column":61}},"30":{"start":{"line":31,"column":0},"end":{"line":31,"column":61}},"31":{"start":{"line":32,"column":0},"end":{"line":32,"column":61}},"32":{"start":{"line":33,"column":0},"end":{"line":33,"column":18}},"33":{"start":{"line":34,"column":0},"end":{"line":34,"column":17}},"34":{"start":{"line":35,"column":0},"end":{"line":35,"column":22}},"35":{"start":{"line":36,"column":0},"end":{"line":36,"column":26}},"37":{"start":{"line":38,"column":0},"end":{"line":38,"column":1}}},"s":{"0":1,"11":1,"12":1,"13":1,"14":1,"15":1,"16":1,"17":1,"18":1,"20":3,"21":3,"22":3,"23":3,"24":3,"25":3,"26":3,"27":3,"28":3,"29":3,"30":3,"31":3,"32":3,"33":3,"34":3,"35":3,"37":3},"branchMap":{"0":{"type":"branch","line":21,"loc":{"start":{"line":21,"column":0},"end":{"line":38,"column":1}},"locations":[{"start":{"line":21,"column":0},"end":{"line":38,"column":1}}]}},"b":{"0":[3]},"fnMap":{"0":{"name":"App","decl":{"start":{"line":21,"column":0},"end":{"line":38,"column":1}},"loc":{"start":{"line":21,"column":0},"end":{"line":38,"column":1}},"line":21}},"f":{"0":3}}
,"/Users/meimei/workspace/ntu/repo/stocker/frontend/src/components/layout/AppShell.tsx": {"path":"/Users/meimei/workspace/ntu/repo/stocker/frontend/src/components/layout/AppShell.tsx","all":false,"statementMap":{"0":{"start":{"line":1,"column":0},"end":{"line":1,"column":8}},"11":{"start":{"line":12,"column":0},"end":{"line":12,"column":13}},"12":{"start":{"line":13,"column":0},"end":{"line":13,"column":41}},"13":{"start":{"line":14,"column":0},"end":{"line":14,"column":60}},"14":{"start":{"line":15,"column":0},"end":{"line":15,"column":53}},"15":{"start":{"line":16,"column":0},"end":{"line":16,"column":55}},"16":{"start":{"line":17,"column":0},"end":{"line":17,"column":52}},"17":{"start":{"line":18,"column":0},"end":{"line":18,"column":50}},"18":{"start":{"line":19,"column":0},"end":{"line":19,"column":2}},"20":{"start":{"line":21,"column":0},"end":{"line":21,"column":28}},"21":{"start":{"line":22,"column":0},"end":{"line":22,"column":10}},"22":{"start":{"line":23,"column":0},"end":{"line":23,"column":55}},"23":{"start":{"line":24,"column":0},"end":{"line":24,"column":111}},"24":{"start":{"line":25,"column":0},"end":{"line":25,"column":59}},"25":{"start":{"line":26,"column":0},"end":{"line":26,"column":76}},"26":{"start":{"line":27,"column":0},"end":{"line":27,"column":15}},"27":{"start":{"line":28,"column":0},"end":{"line":28,"column":73}},"28":{"start":{"line":29,"column":0},"end":{"line":29,"column":81}},"29":{"start":{"line":30,"column":0},"end":{"line":30,"column":16}},"30":{"start":{"line":31,"column":0},"end":{"line":31,"column":14}},"31":{"start":{"line":32,"column":0},"end":{"line":32,"column":104}},"32":{"start":{"line":33,"column":0},"end":{"line":33,"column":30}},"33":{"start":{"line":34,"column":0},"end":{"line":34,"column":20}},"34":{"start":{"line":35,"column":0},"end":{"line":35,"column":27}},"35":{"start":{"line":36,"column":0},"end":{"line":36,"column":26}},"36":{"start":{"line":37,"column":0},"end":{"line":37,"column":35}},"37":{"start":{"line":38,"column":0},"end":{"line":38,"column":42}},"38":{"start":{"line":39,"column":0},"end":{"line":39,"column":105}},"39":{"start":{"line":40,"column":0},"end":{"line":40,"column":26}},"40":{"start":{"line":41,"column":0},"end":{"line":41,"column":44}},"41":{"start":{"line":42,"column":0},"end":{"line":42,"column":68}},"42":{"start":{"line":43,"column":0},"end":{"line":43,"column":18}},"45":{"start":{"line":46,"column":0},"end":{"line":46,"column":66}},"46":{"start":{"line":47,"column":0},"end":{"line":47,"column":26}},"47":{"start":{"line":48,"column":0},"end":{"line":48,"column":22}},"48":{"start":{"line":49,"column":0},"end":{"line":49,"column":13}},"49":{"start":{"line":50,"column":0},"end":{"line":50,"column":14}},"50":{"start":{"line":51,"column":0},"end":{"line":51,"column":14}},"51":{"start":{"line":52,"column":0},"end":{"line":52,"column":58}},"52":{"start":{"line":53,"column":0},"end":{"line":53,"column":18}},"53":{"start":{"line":54,"column":0},"end":{"line":54,"column":13}},"54":{"start":{"line":55,"column":0},"end":{"line":55,"column":10}},"56":{"start":{"line":57,"column":0},"end":{"line":57,"column":1}}},"s":{"0":1,"11":1,"12":1,"13":1,"14":1,"15":1,"16":1,"17":1,"18":1,"20":1,"21":3,"22":3,"23":3,"24":3,"25":3,"26":3,"27":3,"28":3,"29":3,"30":3,"31":3,"32":3,"33":18,"34":18,"35":18,"36":18,"37":18,"38":66,"39":66,"40":11,"41":55,"42":66,"45":18,"46":18,"47":18,"48":3,"49":3,"50":3,"51":3,"52":3,"53":3,"54":3,"56":3},"branchMap":{"0":{"type":"branch","line":21,"loc":{"start":{"line":21,"column":7},"end":{"line":57,"column":1}},"locations":[{"start":{"line":21,"column":7},"end":{"line":57,"column":1}}]},"1":{"type":"branch","line":33,"loc":{"start":{"line":33,"column":19},"end":{"line":48,"column":22}},"locations":[{"start":{"line":33,"column":19},"end":{"line":48,"column":22}}]},"2":{"type":"branch","line":38,"loc":{"start":{"line":38,"column":25},"end":{"line":43,"column":18}},"locations":[{"start":{"line":38,"column":25},"end":{"line":43,"column":18}}]},"3":{"type":"branch","line":40,"loc":{"start":{"line":40,"column":18},"end":{"line":41,"column":44}},"locations":[{"start":{"line":40,"column":18},"end":{"line":41,"column":44}}]},"4":{"type":"branch","line":41,"loc":{"start":{"line":41,"column":22},"end":{"line":42,"column":68}},"locations":[{"start":{"line":41,"column":22},"end":{"line":42,"column":68}}]}},"b":{"0":[3],"1":[18],"2":[66],"3":[11],"4":[55]},"fnMap":{"0":{"name":"AppShell","decl":{"start":{"line":21,"column":7},"end":{"line":57,"column":1}},"loc":{"start":{"line":21,"column":7},"end":{"line":57,"column":1}},"line":21},"1":{"name":"className","decl":{"start":{"line":38,"column":25},"end":{"line":43,"column":18}},"loc":{"start":{"line":38,"column":25},"end":{"line":43,"column":18}},"line":38}},"f":{"0":3,"1":66}}
,"/Users/meimei/workspace/ntu/repo/stocker/frontend/src/components/shared/MetricCard.tsx": {"path":"/Users/meimei/workspace/ntu/repo/stocker/frontend/src/components/shared/MetricCard.tsx","all":false,"statementMap":{"0":{"start":{"line":1,"column":0},"end":{"line":1,"column":47}},"12":{"start":{"line":13,"column":0},"end":{"line":13,"column":89}},"13":{"start":{"line":14,"column":0},"end":{"line":14,"column":10}},"14":{"start":{"line":15,"column":0},"end":{"line":15,"column":80}},"15":{"start":{"line":16,"column":0},"end":{"line":16,"column":63}},"16":{"start":{"line":17,"column":0},"end":{"line":17,"column":75}},"17":{"start":{"line":18,"column":0},"end":{"line":18,"column":67}},"18":{"start":{"line":19,"column":0},"end":{"line":19,"column":12}},"19":{"start":{"line":20,"column":0},"end":{"line":20,"column":10}},"20":{"start":{"line":21,"column":0},"end":{"line":21,"column":66}},"21":{"start":{"line":22,"column":0},"end":{"line":22,"column":61}},"22":{"start":{"line":23,"column":0},"end":{"line":23,"column":11}},"24":{"start":{"line":25,"column":0},"end":{"line":25,"column":22}},"25":{"start":{"line":26,"column":0},"end":{"line":26,"column":12}},"26":{"start":{"line":27,"column":0},"end":{"line":27,"column":75}},"27":{"start":{"line":28,"column":0},"end":{"line":28,"column":14}},"29":{"start":{"line":30,"column":0},"end":{"line":30,"column":1}}},"s":{"0":1,"12":1,"13":15,"14":15,"15":15,"16":15,"17":15,"18":15,"19":15,"20":15,"21":15,"22":15,"24":15,"25":15,"26":15,"27":15,"29":15},"branchMap":{"0":{"type":"branch","line":13,"loc":{"start":{"line":13,"column":7},"end":{"line":30,"column":1}},"locations":[{"start":{"line":13,"column":7},"end":{"line":30,"column":1}}]},"1":{"type":"branch","line":22,"loc":{"start":{"line":22,"column":19},"end":{"line":22,"column":51}},"locations":[{"start":{"line":22,"column":19},"end":{"line":22,"column":51}}]},"2":{"type":"branch","line":22,"loc":{"start":{"line":22,"column":47},"end":{"line":22,"column":61}},"locations":[{"start":{"line":22,"column":47},"end":{"line":22,"column":61}}]},"3":{"type":"branch","line":27,"loc":{"start":{"line":27,"column":7},"end":{"line":27,"column":70}},"locations":[{"start":{"line":27,"column":7},"end":{"line":27,"column":70}}]},"4":{"type":"branch","line":27,"loc":{"start":{"line":27,"column":63},"end":{"line":27,"column":75}},"locations":[{"start":{"line":27,"column":63},"end":{"line":27,"column":75}}]}},"b":{"0":[15],"1":[8],"2":[7],"3":[5],"4":[10]},"fnMap":{"0":{"name":"MetricCard","decl":{"start":{"line":13,"column":7},"end":{"line":30,"column":1}},"loc":{"start":{"line":13,"column":7},"end":{"line":30,"column":1}},"line":13}},"f":{"0":15}}
,"/Users/meimei/workspace/ntu/repo/stocker/frontend/src/components/shared/StateBlock.tsx": {"path":"/Users/meimei/workspace/ntu/repo/stocker/frontend/src/components/shared/StateBlock.tsx","all":false,"statementMap":{"0":{"start":{"line":1,"column":0},"end":{"line":1,"column":58}},"1":{"start":{"line":2,"column":0},"end":{"line":2,"column":10}},"2":{"start":{"line":3,"column":0},"end":{"line":3,"column":87}},"3":{"start":{"line":4,"column":0},"end":{"line":4,"column":13}},"4":{"start":{"line":5,"column":0},"end":{"line":5,"column":10}},"6":{"start":{"line":7,"column":0},"end":{"line":7,"column":1}}},"s":{"0":1,"1":6,"2":6,"3":6,"4":6,"6":6},"branchMap":{"0":{"type":"branch","line":1,"loc":{"start":{"line":1,"column":7},"end":{"line":7,"column":1}},"locations":[{"start":{"line":1,"column":7},"end":{"line":7,"column":1}}]}},"b":{"0":[6]},"fnMap":{"0":{"name":"StateBlock","decl":{"start":{"line":1,"column":7},"end":{"line":7,"column":1}},"loc":{"start":{"line":1,"column":7},"end":{"line":7,"column":1}},"line":1}},"f":{"0":6}}
,"/Users/meimei/workspace/ntu/repo/stocker/frontend/src/components/shared/format.test.ts": {"path":"/Users/meimei/workspace/ntu/repo/stocker/frontend/src/components/shared/format.test.ts","all":false,"statementMap":{"0":{"start":{"line":1,"column":0},"end":{"line":1,"column":46}},"2":{"start":{"line":3,"column":0},"end":{"line":3,"column":55}},"4":{"start":{"line":5,"column":0},"end":{"line":5,"column":34}},"5":{"start":{"line":6,"column":0},"end":{"line":6,"column":57}},"6":{"start":{"line":7,"column":0},"end":{"line":7,"column":40}},"7":{"start":{"line":8,"column":0},"end":{"line":8,"column":34}},"8":{"start":{"line":9,"column":0},"end":{"line":9,"column":43}},"9":{"start":{"line":10,"column":0},"end":{"line":10,"column":45}},"10":{"start":{"line":11,"column":0},"end":{"line":11,"column":5}},"12":{"start":{"line":13,"column":0},"end":{"line":13,"column":58}},"13":{"start":{"line":14,"column":0},"end":{"line":14,"column":52}},"14":{"start":{"line":15,"column":0},"end":{"line":15,"column":50}},"15":{"start":{"line":16,"column":0},"end":{"line":16,"column":50}},"16":{"start":{"line":17,"column":0},"end":{"line":17,"column":53}},"17":{"start":{"line":18,"column":0},"end":{"line":18,"column":5}},"18":{"start":{"line":19,"column":0},"end":{"line":19,"column":3}}},"s":{"0":1,"2":1,"4":1,"5":1,"6":1,"7":1,"8":1,"9":1,"10":1,"12":1,"13":1,"14":1,"15":1,"16":1,"17":1,"18":1},"branchMap":{"0":{"type":"branch","line":5,"loc":{"start":{"line":5,"column":27},"end":{"line":19,"column":3}},"locations":[{"start":{"line":5,"column":27},"end":{"line":19,"column":3}}]},"1":{"type":"branch","line":6,"loc":{"start":{"line":6,"column":50},"end":{"line":11,"column":3}},"locations":[{"start":{"line":6,"column":50},"end":{"line":11,"column":3}}]},"2":{"type":"branch","line":13,"loc":{"start":{"line":13,"column":51},"end":{"line":18,"column":3}},"locations":[{"start":{"line":13,"column":51},"end":{"line":18,"column":3}}]}},"b":{"0":[1],"1":[1],"2":[1]},"fnMap":{},"f":{}}
,"/Users/meimei/workspace/ntu/repo/stocker/frontend/src/components/shared/format.ts": {"path":"/Users/meimei/workspace/ntu/repo/stocker/frontend/src/components/shared/format.ts","all":false,"statementMap":{"0":{"start":{"line":1,"column":0},"end":{"line":1,"column":46}},"1":{"start":{"line":2,"column":0},"end":{"line":2,"column":56}},"2":{"start":{"line":3,"column":0},"end":{"line":3,"column":1}},"4":{"start":{"line":5,"column":0},"end":{"line":5,"column":48}},"5":{"start":{"line":6,"column":0},"end":{"line":6,"column":49}},"6":{"start":{"line":7,"column":0},"end":{"line":7,"column":1}},"8":{"start":{"line":9,"column":0},"end":{"line":9,"column":52}},"9":{"start":{"line":10,"column":0},"end":{"line":10,"column":50}},"10":{"start":{"line":11,"column":0},"end":{"line":11,"column":47}},"11":{"start":{"line":12,"column":0},"end":{"line":12,"column":26}},"12":{"start":{"line":13,"column":0},"end":{"line":13,"column":1}}},"s":{"0":1,"1":113,"2":113,"4":1,"5":15,"6":15,"8":1,"9":14,"10":14,"11":2,"12":2},"branchMap":{"0":{"type":"branch","line":1,"loc":{"start":{"line":1,"column":7},"end":{"line":3,"column":1}},"locations":[{"start":{"line":1,"column":7},"end":{"line":3,"column":1}}]},"1":{"type":"branch","line":2,"loc":{"start":{"line":2,"column":20},"end":{"line":2,"column":30}},"locations":[{"start":{"line":2,"column":20},"end":{"line":2,"column":30}}]},"2":{"type":"branch","line":5,"loc":{"start":{"line":5,"column":7},"end":{"line":7,"column":1}},"locations":[{"start":{"line":5,"column":7},"end":{"line":7,"column":1}}]},"3":{"type":"branch","line":6,"loc":{"start":{"line":6,"column":15},"end":{"line":6,"column":29}},"locations":[{"start":{"line":6,"column":15},"end":{"line":6,"column":29}}]},"4":{"type":"branch","line":9,"loc":{"start":{"line":9,"column":7},"end":{"line":13,"column":1}},"locations":[{"start":{"line":9,"column":7},"end":{"line":13,"column":1}}]},"5":{"type":"branch","line":10,"loc":{"start":{"line":10,"column":7},"end":{"line":10,"column":21}},"locations":[{"start":{"line":10,"column":7},"end":{"line":10,"column":21}}]},"6":{"type":"branch","line":10,"loc":{"start":{"line":10,"column":24},"end":{"line":10,"column":50}},"locations":[{"start":{"line":10,"column":24},"end":{"line":10,"column":50}}]},"7":{"type":"branch","line":10,"loc":{"start":{"line":10,"column":31},"end":{"line":11,"column":16}},"locations":[{"start":{"line":10,"column":31},"end":{"line":11,"column":16}}]},"8":{"type":"branch","line":11,"loc":{"start":{"line":11,"column":7},"end":{"line":11,"column":21}},"locations":[{"start":{"line":11,"column":7},"end":{"line":11,"column":21}}]},"9":{"type":"branch","line":11,"loc":{"start":{"line":11,"column":24},"end":{"line":13,"column":1}},"locations":[{"start":{"line":11,"column":24},"end":{"line":13,"column":1}}]}},"b":{"0":[113],"1":[1],"2":[15],"3":[1],"4":[14],"5":[1],"6":[10],"7":[4],"8":[1],"9":[2]},"fnMap":{"0":{"name":"money","decl":{"start":{"line":1,"column":7},"end":{"line":3,"column":1}},"loc":{"start":{"line":1,"column":7},"end":{"line":3,"column":1}},"line":1},"1":{"name":"percent","decl":{"start":{"line":5,"column":7},"end":{"line":7,"column":1}},"loc":{"start":{"line":5,"column":7},"end":{"line":7,"column":1}},"line":5},"2":{"name":"signedClass","decl":{"start":{"line":9,"column":7},"end":{"line":13,"column":1}},"loc":{"start":{"line":9,"column":7},"end":{"line":13,"column":1}},"line":9}},"f":{"0":113,"1":15,"2":14}}
,"/Users/meimei/workspace/ntu/repo/stocker/frontend/src/hooks/queries.ts": {"path":"/Users/meimei/workspace/ntu/repo/stocker/frontend/src/hooks/queries.ts","all":false,"statementMap":{"0":{"start":{"line":1,"column":0},"end":{"line":1,"column":49}},"12":{"start":{"line":13,"column":0},"end":{"line":13,"column":32}},"13":{"start":{"line":14,"column":0},"end":{"line":14,"column":19}},"14":{"start":{"line":15,"column":0},"end":{"line":15,"column":28}},"15":{"start":{"line":16,"column":0},"end":{"line":16,"column":70}},"16":{"start":{"line":17,"column":0},"end":{"line":17,"column":5}},"17":{"start":{"line":18,"column":0},"end":{"line":18,"column":1}},"19":{"start":{"line":20,"column":0},"end":{"line":20,"column":35}},"20":{"start":{"line":21,"column":0},"end":{"line":21,"column":19}},"21":{"start":{"line":22,"column":0},"end":{"line":22,"column":31}},"22":{"start":{"line":23,"column":0},"end":{"line":23,"column":24}},"23":{"start":{"line":24,"column":0},"end":{"line":24,"column":92}},"24":{"start":{"line":25,"column":0},"end":{"line":25,"column":5}},"25":{"start":{"line":26,"column":0},"end":{"line":26,"column":1}},"27":{"start":{"line":28,"column":0},"end":{"line":28,"column":31}},"28":{"start":{"line":29,"column":0},"end":{"line":29,"column":19}},"29":{"start":{"line":30,"column":0},"end":{"line":30,"column":27}},"30":{"start":{"line":31,"column":0},"end":{"line":31,"column":69}},"31":{"start":{"line":32,"column":0},"end":{"line":32,"column":5}},"32":{"start":{"line":33,"column":0},"end":{"line":33,"column":1}},"34":{"start":{"line":35,"column":0},"end":{"line":35,"column":31}},"35":{"start":{"line":36,"column":0},"end":{"line":36,"column":19}},"36":{"start":{"line":37,"column":0},"end":{"line":37,"column":27}},"37":{"start":{"line":38,"column":0},"end":{"line":38,"column":76}},"38":{"start":{"line":39,"column":0},"end":{"line":39,"column":5}},"39":{"start":{"line":40,"column":0},"end":{"line":40,"column":1}},"41":{"start":{"line":42,"column":0},"end":{"line":42,"column":32}},"42":{"start":{"line":43,"column":0},"end":{"line":43,"column":19}},"43":{"start":{"line":44,"column":0},"end":{"line":44,"column":28}},"44":{"start":{"line":45,"column":0},"end":{"line":45,"column":70}},"45":{"start":{"line":46,"column":0},"end":{"line":46,"column":5}},"46":{"start":{"line":47,"column":0},"end":{"line":47,"column":1}},"48":{"start":{"line":49,"column":0},"end":{"line":49,"column":31}},"49":{"start":{"line":50,"column":0},"end":{"line":50,"column":19}},"50":{"start":{"line":51,"column":0},"end":{"line":51,"column":27}},"51":{"start":{"line":52,"column":0},"end":{"line":52,"column":78}},"52":{"start":{"line":53,"column":0},"end":{"line":53,"column":5}},"53":{"start":{"line":54,"column":0},"end":{"line":54,"column":1}}},"s":{"0":1,"12":1,"13":3,"14":3,"15":3,"16":3,"17":3,"19":1,"20":21,"21":21,"22":21,"23":2,"24":21,"25":21,"27":1,"28":2,"29":2,"30":2,"31":2,"32":2,"34":1,"35":2,"36":2,"37":2,"38":2,"39":2,"41":1,"42":10,"43":10,"44":10,"45":10,"46":10,"48":1,"49":6,"50":6,"51":6,"52":6,"53":6},"branchMap":{"0":{"type":"branch","line":13,"loc":{"start":{"line":13,"column":7},"end":{"line":18,"column":1}},"locations":[{"start":{"line":13,"column":7},"end":{"line":18,"column":1}}]},"1":{"type":"branch","line":16,"loc":{"start":{"line":16,"column":13},"end":{"line":16,"column":70}},"locations":[{"start":{"line":16,"column":13},"end":{"line":16,"column":70}}]},"2":{"type":"branch","line":20,"loc":{"start":{"line":20,"column":7},"end":{"line":26,"column":1}},"locations":[{"start":{"line":20,"column":7},"end":{"line":26,"column":1}}]},"3":{"type":"branch","line":23,"loc":{"start":{"line":23,"column":13},"end":{"line":24,"column":92}},"locations":[{"start":{"line":23,"column":13},"end":{"line":24,"column":92}}]},"4":{"type":"branch","line":28,"loc":{"start":{"line":28,"column":7},"end":{"line":33,"column":1}},"locations":[{"start":{"line":28,"column":7},"end":{"line":33,"column":1}}]},"5":{"type":"branch","line":31,"loc":{"start":{"line":31,"column":13},"end":{"line":31,"column":69}},"locations":[{"start":{"line":31,"column":13},"end":{"line":31,"column":69}}]},"6":{"type":"branch","line":35,"loc":{"start":{"line":35,"column":7},"end":{"line":40,"column":1}},"locations":[{"start":{"line":35,"column":7},"end":{"line":40,"column":1}}]},"7":{"type":"branch","line":38,"loc":{"start":{"line":38,"column":13},"end":{"line":38,"column":76}},"locations":[{"start":{"line":38,"column":13},"end":{"line":38,"column":76}}]},"8":{"type":"branch","line":42,"loc":{"start":{"line":42,"column":7},"end":{"line":47,"column":1}},"locations":[{"start":{"line":42,"column":7},"end":{"line":47,"column":1}}]},"9":{"type":"branch","line":45,"loc":{"start":{"line":45,"column":13},"end":{"line":45,"column":70}},"locations":[{"start":{"line":45,"column":13},"end":{"line":45,"column":70}}]},"10":{"type":"branch","line":49,"loc":{"start":{"line":49,"column":7},"end":{"line":54,"column":1}},"locations":[{"start":{"line":49,"column":7},"end":{"line":54,"column":1}}]},"11":{"type":"branch","line":52,"loc":{"start":{"line":52,"column":13},"end":{"line":52,"column":78}},"locations":[{"start":{"line":52,"column":13},"end":{"line":52,"column":78}}]}},"b":{"0":[3],"1":[1],"2":[21],"3":[2],"4":[2],"5":[1],"6":[2],"7":[1],"8":[10],"9":[2],"10":[6],"11":[2]},"fnMap":{"0":{"name":"useDashboard","decl":{"start":{"line":13,"column":7},"end":{"line":18,"column":1}},"loc":{"start":{"line":13,"column":7},"end":{"line":18,"column":1}},"line":13},"1":{"name":"queryFn","decl":{"start":{"line":16,"column":13},"end":{"line":16,"column":70}},"loc":{"start":{"line":16,"column":13},"end":{"line":16,"column":70}},"line":16},"2":{"name":"useTransactions","decl":{"start":{"line":20,"column":7},"end":{"line":26,"column":1}},"loc":{"start":{"line":20,"column":7},"end":{"line":26,"column":1}},"line":20},"3":{"name":"queryFn","decl":{"start":{"line":23,"column":13},"end":{"line":24,"column":92}},"loc":{"start":{"line":23,"column":13},"end":{"line":24,"column":92}},"line":23},"4":{"name":"useHoldings","decl":{"start":{"line":28,"column":7},"end":{"line":33,"column":1}},"loc":{"start":{"line":28,"column":7},"end":{"line":33,"column":1}},"line":28},"5":{"name":"queryFn","decl":{"start":{"line":31,"column":13},"end":{"line":31,"column":69}},"loc":{"start":{"line":31,"column":13},"end":{"line":31,"column":69}},"line":31},"6":{"name":"useRealized","decl":{"start":{"line":35,"column":7},"end":{"line":40,"column":1}},"loc":{"start":{"line":35,"column":7},"end":{"line":40,"column":1}},"line":35},"7":{"name":"queryFn","decl":{"start":{"line":38,"column":13},"end":{"line":38,"column":76}},"loc":{"start":{"line":38,"column":13},"end":{"line":38,"column":76}},"line":38},"8":{"name":"useCashflows","decl":{"start":{"line":42,"column":7},"end":{"line":47,"column":1}},"loc":{"start":{"line":42,"column":7},"end":{"line":47,"column":1}},"line":42},"9":{"name":"queryFn","decl":{"start":{"line":45,"column":13},"end":{"line":45,"column":70}},"loc":{"start":{"line":45,"column":13},"end":{"line":45,"column":70}},"line":45},"10":{"name":"useSettings","decl":{"start":{"line":49,"column":7},"end":{"line":54,"column":1}},"loc":{"start":{"line":49,"column":7},"end":{"line":54,"column":1}},"line":49},"11":{"name":"queryFn","decl":{"start":{"line":52,"column":13},"end":{"line":52,"column":78}},"loc":{"start":{"line":52,"column":13},"end":{"line":52,"column":78}},"line":52}},"f":{"0":3,"1":1,"2":21,"3":2,"4":2,"5":1,"6":2,"7":1,"8":10,"9":2,"10":6,"11":2}}
,"/Users/meimei/workspace/ntu/repo/stocker/frontend/src/pages/CashFlow.tsx": {"path":"/Users/meimei/workspace/ntu/repo/stocker/frontend/src/pages/CashFlow.tsx","all":false,"statementMap":{"0":{"start":{"line":1,"column":0},"end":{"line":1,"column":36}},"9":{"start":{"line":10,"column":0},"end":{"line":10,"column":28}},"10":{"start":{"line":11,"column":0},"end":{"line":11,"column":45}},"11":{"start":{"line":12,"column":0},"end":{"line":12,"column":39}},"12":{"start":{"line":13,"column":0},"end":{"line":13,"column":36}},"13":{"start":{"line":14,"column":0},"end":{"line":14,"column":48}},"14":{"start":{"line":15,"column":0},"end":{"line":15,"column":16}},"15":{"start":{"line":16,"column":0},"end":{"line":16,"column":19}},"16":{"start":{"line":17,"column":0},"end":{"line":17,"column":23}},"17":{"start":{"line":18,"column":0},"end":{"line":18,"column":5}},"18":{"start":{"line":19,"column":0},"end":{"line":19,"column":32}},"19":{"start":{"line":20,"column":0},"end":{"line":20,"column":27}},"20":{"start":{"line":21,"column":0},"end":{"line":21,"column":29}},"21":{"start":{"line":22,"column":0},"end":{"line":22,"column":24}},"22":{"start":{"line":23,"column":0},"end":{"line":23,"column":43}},"23":{"start":{"line":24,"column":0},"end":{"line":24,"column":49}},"24":{"start":{"line":25,"column":0},"end":{"line":25,"column":39}},"25":{"start":{"line":26,"column":0},"end":{"line":26,"column":9}},"26":{"start":{"line":27,"column":0},"end":{"line":27,"column":22}},"27":{"start":{"line":28,"column":0},"end":{"line":28,"column":74}},"28":{"start":{"line":29,"column":0},"end":{"line":29,"column":65}},"29":{"start":{"line":30,"column":0},"end":{"line":30,"column":65}},"30":{"start":{"line":31,"column":0},"end":{"line":31,"column":5}},"31":{"start":{"line":32,"column":0},"end":{"line":32,"column":5}},"32":{"start":{"line":33,"column":0},"end":{"line":33,"column":59}},"34":{"start":{"line":35,"column":0},"end":{"line":35,"column":93}},"35":{"start":{"line":36,"column":0},"end":{"line":36,"column":40}},"36":{"start":{"line":37,"column":0},"end":{"line":37,"column":27}},"37":{"start":{"line":38,"column":0},"end":{"line":38,"column":22}},"38":{"start":{"line":39,"column":0},"end":{"line":39,"column":4}},"40":{"start":{"line":41,"column":0},"end":{"line":41,"column":10}},"41":{"start":{"line":42,"column":0},"end":{"line":42,"column":35}},"42":{"start":{"line":43,"column":0},"end":{"line":43,"column":66}},"43":{"start":{"line":44,"column":0},"end":{"line":44,"column":13}},"44":{"start":{"line":45,"column":0},"end":{"line":45,"column":66}},"45":{"start":{"line":46,"column":0},"end":{"line":46,"column":78}},"46":{"start":{"line":47,"column":0},"end":{"line":47,"column":14}},"47":{"start":{"line":48,"column":0},"end":{"line":48,"column":142}},"48":{"start":{"line":49,"column":0},"end":{"line":49,"column":57}},"50":{"start":{"line":51,"column":0},"end":{"line":51,"column":17}},"51":{"start":{"line":52,"column":0},"end":{"line":52,"column":15}},"52":{"start":{"line":53,"column":0},"end":{"line":53,"column":159}},"53":{"start":{"line":54,"column":0},"end":{"line":54,"column":176}},"54":{"start":{"line":55,"column":0},"end":{"line":55,"column":207}},"55":{"start":{"line":56,"column":0},"end":{"line":56,"column":213}},"56":{"start":{"line":57,"column":0},"end":{"line":57,"column":81}},"57":{"start":{"line":58,"column":0},"end":{"line":58,"column":142}},"59":{"start":{"line":60,"column":0},"end":{"line":60,"column":16}},"60":{"start":{"line":61,"column":0},"end":{"line":61,"column":13}},"61":{"start":{"line":62,"column":0},"end":{"line":62,"column":90}},"62":{"start":{"line":63,"column":0},"end":{"line":63,"column":52}},"63":{"start":{"line":64,"column":0},"end":{"line":64,"column":71}},"64":{"start":{"line":65,"column":0},"end":{"line":65,"column":16}},"65":{"start":{"line":66,"column":0},"end":{"line":66,"column":47}},"66":{"start":{"line":67,"column":0},"end":{"line":67,"column":58}},"67":{"start":{"line":68,"column":0},"end":{"line":68,"column":58}},"68":{"start":{"line":69,"column":0},"end":{"line":69,"column":17}},"69":{"start":{"line":70,"column":0},"end":{"line":70,"column":18}},"70":{"start":{"line":71,"column":0},"end":{"line":71,"column":50}},"71":{"start":{"line":72,"column":0},"end":{"line":72,"column":33}},"72":{"start":{"line":73,"column":0},"end":{"line":73,"column":31}},"73":{"start":{"line":74,"column":0},"end":{"line":74,"column":57}},"74":{"start":{"line":75,"column":0},"end":{"line":75,"column":78}},"75":{"start":{"line":76,"column":0},"end":{"line":76,"column":81}},"76":{"start":{"line":77,"column":0},"end":{"line":77,"column":19}},"77":{"start":{"line":78,"column":0},"end":{"line":78,"column":15}},"78":{"start":{"line":79,"column":0},"end":{"line":79,"column":18}},"79":{"start":{"line":80,"column":0},"end":{"line":80,"column":16}},"80":{"start":{"line":81,"column":0},"end":{"line":81,"column":12}},"81":{"start":{"line":82,"column":0},"end":{"line":82,"column":14}},"83":{"start":{"line":84,"column":0},"end":{"line":84,"column":1}}},"s":{"0":1,"9":1,"10":10,"11":10,"12":10,"13":10,"14":10,"15":10,"16":10,"17":10,"18":10,"19":10,"20":1,"21":1,"22":1,"23":1,"24":1,"25":1,"26":10,"27":1,"28":1,"29":1,"30":1,"31":10,"32":10,"34":10,"35":10,"36":1,"37":1,"38":1,"40":10,"41":10,"42":10,"43":10,"44":10,"45":10,"46":10,"47":10,"48":10,"50":10,"51":10,"52":10,"53":10,"54":10,"55":10,"56":10,"57":10,"59":10,"60":10,"61":10,"62":10,"63":10,"64":10,"65":10,"66":10,"67":10,"68":10,"69":10,"70":10,"71":10,"72":9,"73":9,"74":9,"75":9,"76":9,"77":10,"78":10,"79":10,"80":10,"81":10,"83":10},"branchMap":{"0":{"type":"branch","line":10,"loc":{"start":{"line":10,"column":7},"end":{"line":84,"column":1}},"locations":[{"start":{"line":10,"column":7},"end":{"line":84,"column":1}}]},"1":{"type":"branch","line":33,"loc":{"start":{"line":33,"column":17},"end":{"line":33,"column":59}},"locations":[{"start":{"line":33,"column":17},"end":{"line":33,"column":59}}]},"2":{"type":"branch","line":33,"loc":{"start":{"line":33,"column":56},"end":{"line":35,"column":29}},"locations":[{"start":{"line":33,"column":56},"end":{"line":35,"column":29}}]},"3":{"type":"branch","line":35,"loc":{"start":{"line":35,"column":21},"end":{"line":35,"column":33}},"locations":[{"start":{"line":35,"column":21},"end":{"line":35,"column":33}}]},"4":{"type":"branch","line":72,"loc":{"start":{"line":72,"column":13},"end":{"line":72,"column":23}},"locations":[{"start":{"line":72,"column":13},"end":{"line":72,"column":23}}]},"5":{"type":"branch","line":20,"loc":{"start":{"line":20,"column":16},"end":{"line":26,"column":9}},"locations":[{"start":{"line":20,"column":16},"end":{"line":26,"column":9}}]},"6":{"type":"branch","line":23,"loc":{"start":{"line":23,"column":29},"end":{"line":23,"column":41}},"locations":[{"start":{"line":23,"column":29},"end":{"line":23,"column":41}}]},"7":{"type":"branch","line":27,"loc":{"start":{"line":27,"column":15},"end":{"line":31,"column":5}},"locations":[{"start":{"line":27,"column":15},"end":{"line":31,"column":5}}]},"8":{"type":"branch","line":28,"loc":{"start":{"line":28,"column":14},"end":{"line":28,"column":72}},"locations":[{"start":{"line":28,"column":14},"end":{"line":28,"column":72}}]},"9":{"type":"branch","line":35,"loc":{"start":{"line":35,"column":40},"end":{"line":35,"column":90}},"locations":[{"start":{"line":35,"column":40},"end":{"line":35,"column":90}}]},"10":{"type":"branch","line":36,"loc":{"start":{"line":36,"column":17},"end":{"line":39,"column":4}},"locations":[{"start":{"line":36,"column":17},"end":{"line":39,"column":4}}]},"11":{"type":"branch","line":55,"loc":{"start":{"line":55,"column":143},"end":{"line":55,"column":205}},"locations":[{"start":{"line":55,"column":143},"end":{"line":55,"column":205}}]},"12":{"type":"branch","line":58,"loc":{"start":{"line":58,"column":71},"end":{"line":58,"column":140}},"locations":[{"start":{"line":58,"column":71},"end":{"line":58,"column":140}}]},"13":{"type":"branch","line":72,"loc":{"start":{"line":72,"column":23},"end":{"line":77,"column":19}},"locations":[{"start":{"line":72,"column":23},"end":{"line":77,"column":19}}]}},"b":{"0":[10],"1":[1],"2":[9],"3":[0],"4":[9],"5":[1],"6":[0],"7":[1],"8":[1],"9":[9],"10":[1],"11":[4],"12":[1],"13":[9]},"fnMap":{"0":{"name":"CashFlow","decl":{"start":{"line":10,"column":7},"end":{"line":84,"column":1}},"loc":{"start":{"line":10,"column":7},"end":{"line":84,"column":1}},"line":10},"1":{"name":"mutationFn","decl":{"start":{"line":20,"column":16},"end":{"line":26,"column":9}},"loc":{"start":{"line":20,"column":16},"end":{"line":26,"column":9}},"line":20},"2":{"name":"onSuccess","decl":{"start":{"line":27,"column":15},"end":{"line":31,"column":5}},"loc":{"start":{"line":27,"column":15},"end":{"line":31,"column":5}},"line":27},"3":{"name":"submit","decl":{"start":{"line":36,"column":17},"end":{"line":39,"column":4}},"loc":{"start":{"line":36,"column":17},"end":{"line":39,"column":4}},"line":36},"4":{"name":"onChange","decl":{"start":{"line":54,"column":115},"end":{"line":54,"column":174}},"loc":{"start":{"line":54,"column":115},"end":{"line":54,"column":174}},"line":54},"5":{"name":"onChange","decl":{"start":{"line":55,"column":143},"end":{"line":55,"column":205}},"loc":{"start":{"line":55,"column":143},"end":{"line":55,"column":205}},"line":55},"6":{"name":"onChange","decl":{"start":{"line":56,"column":146},"end":{"line":56,"column":211}},"loc":{"start":{"line":56,"column":146},"end":{"line":56,"column":211}},"line":56},"7":{"name":"onChange","decl":{"start":{"line":58,"column":71},"end":{"line":58,"column":140}},"loc":{"start":{"line":58,"column":71},"end":{"line":58,"column":140}},"line":58}},"f":{"0":10,"1":1,"2":1,"3":1,"4":0,"5":4,"6":0,"7":1}}
,"/Users/meimei/workspace/ntu/repo/stocker/frontend/src/pages/Dashboard.tsx": {"path":"/Users/meimei/workspace/ntu/repo/stocker/frontend/src/pages/Dashboard.tsx","all":false,"statementMap":{"0":{"start":{"line":1,"column":0},"end":{"line":1,"column":91}},"8":{"start":{"line":9,"column":0},"end":{"line":9,"column":93}},"10":{"start":{"line":11,"column":0},"end":{"line":11,"column":29}},"11":{"start":{"line":12,"column":0},"end":{"line":12,"column":52}},"13":{"start":{"line":14,"column":0},"end":{"line":14,"column":59}},"14":{"start":{"line":15,"column":0},"end":{"line":15,"column":64}},"16":{"start":{"line":17,"column":0},"end":{"line":17,"column":10}},"17":{"start":{"line":18,"column":0},"end":{"line":18,"column":31}},"18":{"start":{"line":19,"column":0},"end":{"line":19,"column":73}},"19":{"start":{"line":20,"column":0},"end":{"line":20,"column":13}},"20":{"start":{"line":21,"column":0},"end":{"line":21,"column":68}},"21":{"start":{"line":22,"column":0},"end":{"line":22,"column":74}},"22":{"start":{"line":23,"column":0},"end":{"line":23,"column":14}},"23":{"start":{"line":24,"column":0},"end":{"line":24,"column":97}},"24":{"start":{"line":25,"column":0},"end":{"line":25,"column":36}},"25":{"start":{"line":26,"column":0},"end":{"line":26,"column":14}},"26":{"start":{"line":27,"column":0},"end":{"line":27,"column":15}},"28":{"start":{"line":29,"column":0},"end":{"line":29,"column":46}},"29":{"start":{"line":30,"column":0},"end":{"line":30,"column":76}},"30":{"start":{"line":31,"column":0},"end":{"line":31,"column":83}},"31":{"start":{"line":32,"column":0},"end":{"line":32,"column":77}},"32":{"start":{"line":33,"column":0},"end":{"line":33,"column":130}},"33":{"start":{"line":34,"column":0},"end":{"line":34,"column":136}},"34":{"start":{"line":35,"column":0},"end":{"line":35,"column":92}},"35":{"start":{"line":36,"column":0},"end":{"line":36,"column":12}},"37":{"start":{"line":38,"column":0},"end":{"line":38,"column":61}},"38":{"start":{"line":39,"column":0},"end":{"line":39,"column":84}},"39":{"start":{"line":40,"column":0},"end":{"line":40,"column":66}},"40":{"start":{"line":41,"column":0},"end":{"line":41,"column":70}},"41":{"start":{"line":42,"column":0},"end":{"line":42,"column":92}},"42":{"start":{"line":43,"column":0},"end":{"line":43,"column":16}},"43":{"start":{"line":44,"column":0},"end":{"line":44,"column":32}},"44":{"start":{"line":45,"column":0},"end":{"line":45,"column":60}},"45":{"start":{"line":46,"column":0},"end":{"line":46,"column":24}},"46":{"start":{"line":47,"column":0},"end":{"line":47,"column":119}},"47":{"start":{"line":48,"column":0},"end":{"line":48,"column":60}},"48":{"start":{"line":49,"column":0},"end":{"line":49,"column":82}},"49":{"start":{"line":50,"column":0},"end":{"line":50,"column":21}},"50":{"start":{"line":51,"column":0},"end":{"line":51,"column":22}},"51":{"start":{"line":52,"column":0},"end":{"line":52,"column":71}},"52":{"start":{"line":53,"column":0},"end":{"line":53,"column":25}},"53":{"start":{"line":54,"column":0},"end":{"line":54,"column":34}},"54":{"start":{"line":55,"column":0},"end":{"line":55,"column":16}},"55":{"start":{"line":56,"column":0},"end":{"line":56,"column":53}},"56":{"start":{"line":57,"column":0},"end":{"line":57,"column":65}},"57":{"start":{"line":58,"column":0},"end":{"line":58,"column":119}},"58":{"start":{"line":59,"column":0},"end":{"line":59,"column":58}},"59":{"start":{"line":60,"column":0},"end":{"line":60,"column":117}},"60":{"start":{"line":61,"column":0},"end":{"line":61,"column":29}},"61":{"start":{"line":62,"column":0},"end":{"line":62,"column":23}},"62":{"start":{"line":63,"column":0},"end":{"line":63,"column":51}},"63":{"start":{"line":64,"column":0},"end":{"line":64,"column":20}},"64":{"start":{"line":65,"column":0},"end":{"line":65,"column":15}},"65":{"start":{"line":66,"column":0},"end":{"line":66,"column":16}},"66":{"start":{"line":67,"column":0},"end":{"line":67,"column":18}},"68":{"start":{"line":69,"column":0},"end":{"line":69,"column":84}},"69":{"start":{"line":70,"column":0},"end":{"line":70,"column":68}},"70":{"start":{"line":71,"column":0},"end":{"line":71,"column":78}},"71":{"start":{"line":72,"column":0},"end":{"line":72,"column":56}},"72":{"start":{"line":73,"column":0},"end":{"line":73,"column":54}},"73":{"start":{"line":74,"column":0},"end":{"line":74,"column":55}},"74":{"start":{"line":75,"column":0},"end":{"line":75,"column":55}},"75":{"start":{"line":76,"column":0},"end":{"line":76,"column":75}},"76":{"start":{"line":77,"column":0},"end":{"line":77,"column":74}},"77":{"start":{"line":78,"column":0},"end":{"line":78,"column":60}},"78":{"start":{"line":79,"column":0},"end":{"line":79,"column":98}},"79":{"start":{"line":80,"column":0},"end":{"line":80,"column":54}},"80":{"start":{"line":81,"column":0},"end":{"line":81,"column":25}},"81":{"start":{"line":82,"column":0},"end":{"line":82,"column":23}},"82":{"start":{"line":83,"column":0},"end":{"line":83,"column":19}},"83":{"start":{"line":84,"column":0},"end":{"line":84,"column":22}},"84":{"start":{"line":85,"column":0},"end":{"line":85,"column":20}},"85":{"start":{"line":86,"column":0},"end":{"line":86,"column":16}},"86":{"start":{"line":87,"column":0},"end":{"line":87,"column":18}},"87":{"start":{"line":88,"column":0},"end":{"line":88,"column":12}},"88":{"start":{"line":89,"column":0},"end":{"line":89,"column":10}},"90":{"start":{"line":91,"column":0},"end":{"line":91,"column":1}}},"s":{"0":1,"8":1,"10":1,"11":3,"13":3,"14":3,"16":2,"17":2,"18":2,"19":2,"20":2,"21":2,"22":2,"23":2,"24":2,"25":2,"26":2,"28":2,"29":2,"30":2,"31":2,"32":2,"33":2,"34":2,"35":2,"37":2,"38":2,"39":2,"40":2,"41":2,"42":2,"43":2,"44":2,"45":2,"46":2,"47":2,"48":2,"49":2,"50":2,"51":2,"52":2,"53":2,"54":2,"55":2,"56":2,"57":2,"58":2,"59":2,"60":2,"61":2,"62":2,"63":2,"64":2,"65":2,"66":2,"68":2,"69":2,"70":2,"71":2,"72":2,"73":2,"74":0,"75":0,"76":0,"77":0,"78":0,"79":0,"80":0,"81":0,"82":2,"83":2,"84":2,"85":2,"86":2,"87":2,"88":2,"90":2},"branchMap":{"0":{"type":"branch","line":11,"loc":{"start":{"line":11,"column":7},"end":{"line":91,"column":1}},"locations":[{"start":{"line":11,"column":7},"end":{"line":91,"column":1}}]},"1":{"type":"branch","line":14,"loc":{"start":{"line":14,"column":17},"end":{"line":14,"column":59}},"locations":[{"start":{"line":14,"column":17},"end":{"line":14,"column":59}}]},"2":{"type":"branch","line":14,"loc":{"start":{"line":14,"column":56},"end":{"line":15,"column":22}},"locations":[{"start":{"line":14,"column":56},"end":{"line":15,"column":22}}]},"3":{"type":"branch","line":15,"loc":{"start":{"line":15,"column":22},"end":{"line":15,"column":64}},"locations":[{"start":{"line":15,"column":22},"end":{"line":15,"column":64}}]},"4":{"type":"branch","line":15,"loc":{"start":{"line":15,"column":61},"end":{"line":91,"column":1}},"locations":[{"start":{"line":15,"column":61},"end":{"line":91,"column":1}}]},"5":{"type":"branch","line":48,"loc":{"start":{"line":48,"column":41},"end":{"line":49,"column":82}},"locations":[{"start":{"line":48,"column":41},"end":{"line":49,"column":82}}]},"6":{"type":"branch","line":57,"loc":{"start":{"line":57,"column":47},"end":{"line":64,"column":20}},"locations":[{"start":{"line":57,"column":47},"end":{"line":64,"column":20}}]}},"b":{"0":[3],"1":[1],"2":[2],"3":[0],"4":[2],"5":[2],"6":[2]},"fnMap":{"0":{"name":"Dashboard","decl":{"start":{"line":11,"column":7},"end":{"line":91,"column":1}},"loc":{"start":{"line":11,"column":7},"end":{"line":91,"column":1}},"line":11},"1":{"name":"formatter","decl":{"start":{"line":52,"column":36},"end":{"line":52,"column":69}},"loc":{"start":{"line":52,"column":36},"end":{"line":52,"column":69}},"line":52}},"f":{"0":3,"1":0}}
,"/Users/meimei/workspace/ntu/repo/stocker/frontend/src/pages/Holdings.tsx": {"path":"/Users/meimei/workspace/ntu/repo/stocker/frontend/src/pages/Holdings.tsx","all":false,"statementMap":{"0":{"start":{"line":1,"column":0},"end":{"line":1,"column":61}},"4":{"start":{"line":5,"column":0},"end":{"line":5,"column":28}},"5":{"start":{"line":6,"column":0},"end":{"line":6,"column":44}},"6":{"start":{"line":7,"column":0},"end":{"line":7,"column":56}},"8":{"start":{"line":9,"column":0},"end":{"line":9,"column":10}},"9":{"start":{"line":10,"column":0},"end":{"line":10,"column":35}},"10":{"start":{"line":11,"column":0},"end":{"line":11,"column":63}},"11":{"start":{"line":12,"column":0},"end":{"line":12,"column":34}},"12":{"start":{"line":13,"column":0},"end":{"line":13,"column":33}},"13":{"start":{"line":14,"column":0},"end":{"line":14,"column":105}},"14":{"start":{"line":15,"column":0},"end":{"line":15,"column":79}},"15":{"start":{"line":16,"column":0},"end":{"line":16,"column":19}},"16":{"start":{"line":17,"column":0},"end":{"line":17,"column":90}},"17":{"start":{"line":18,"column":0},"end":{"line":18,"column":130}},"18":{"start":{"line":19,"column":0},"end":{"line":19,"column":20}},"19":{"start":{"line":20,"column":0},"end":{"line":20,"column":42}},"20":{"start":{"line":21,"column":0},"end":{"line":21,"column":82}},"21":{"start":{"line":22,"column":0},"end":{"line":22,"column":82}},"22":{"start":{"line":23,"column":0},"end":{"line":23,"column":90}},"23":{"start":{"line":24,"column":0},"end":{"line":24,"column":22}},"24":{"start":{"line":25,"column":0},"end":{"line":25,"column":20}},"25":{"start":{"line":26,"column":0},"end":{"line":26,"column":18}},"26":{"start":{"line":27,"column":0},"end":{"line":27,"column":60}},"27":{"start":{"line":28,"column":0},"end":{"line":28,"column":42}},"28":{"start":{"line":29,"column":0},"end":{"line":29,"column":144}},"29":{"start":{"line":30,"column":0},"end":{"line":30,"column":91}},"30":{"start":{"line":31,"column":0},"end":{"line":31,"column":22}},"31":{"start":{"line":32,"column":0},"end":{"line":32,"column":17}},"32":{"start":{"line":33,"column":0},"end":{"line":33,"column":18}},"33":{"start":{"line":34,"column":0},"end":{"line":34,"column":20}},"34":{"start":{"line":35,"column":0},"end":{"line":35,"column":11}},"35":{"start":{"line":36,"column":0},"end":{"line":36,"column":12}},"36":{"start":{"line":37,"column":0},"end":{"line":37,"column":14}},"38":{"start":{"line":39,"column":0},"end":{"line":39,"column":1}}},"s":{"0":1,"4":1,"5":2,"6":2,"8":1,"9":1,"10":1,"11":1,"12":2,"13":1,"14":1,"15":1,"16":1,"17":1,"18":1,"19":1,"20":1,"21":1,"22":1,"23":1,"24":1,"25":1,"26":1,"27":1,"28":1,"29":1,"30":1,"31":1,"32":1,"33":1,"34":2,"35":2,"36":2,"38":2},"branchMap":{"0":{"type":"branch","line":5,"loc":{"start":{"line":5,"column":7},"end":{"line":39,"column":1}},"locations":[{"start":{"line":5,"column":7},"end":{"line":39,"column":1}}]},"1":{"type":"branch","line":7,"loc":{"start":{"line":7,"column":17},"end":{"line":13,"column":19}},"locations":[{"start":{"line":7,"column":17},"end":{"line":13,"column":19}}]},"2":{"type":"branch","line":13,"loc":{"start":{"line":13,"column":19},"end":{"line":34,"column":20}},"locations":[{"start":{"line":13,"column":19},"end":{"line":34,"column":20}}]},"3":{"type":"branch","line":28,"loc":{"start":{"line":28,"column":32},"end":{"line":31,"column":22}},"locations":[{"start":{"line":28,"column":32},"end":{"line":31,"column":22}}]}},"b":{"0":[2],"1":[1],"2":[1],"3":[1]},"fnMap":{"0":{"name":"Holdings","decl":{"start":{"line":5,"column":7},"end":{"line":39,"column":1}},"loc":{"start":{"line":5,"column":7},"end":{"line":39,"column":1}},"line":5}},"f":{"0":2}}
,"/Users/meimei/workspace/ntu/repo/stocker/frontend/src/pages/Realized.tsx": {"path":"/Users/meimei/workspace/ntu/repo/stocker/frontend/src/pages/Realized.tsx","all":false,"statementMap":{"0":{"start":{"line":1,"column":0},"end":{"line":1,"column":85}},"8":{"start":{"line":9,"column":0},"end":{"line":9,"column":28}},"9":{"start":{"line":10,"column":0},"end":{"line":10,"column":44}},"10":{"start":{"line":11,"column":0},"end":{"line":11,"column":59}},"11":{"start":{"line":12,"column":0},"end":{"line":12,"column":53}},"13":{"start":{"line":14,"column":0},"end":{"line":14,"column":10}},"14":{"start":{"line":15,"column":0},"end":{"line":15,"column":35}},"15":{"start":{"line":16,"column":0},"end":{"line":16,"column":64}},"16":{"start":{"line":17,"column":0},"end":{"line":17,"column":46}},"17":{"start":{"line":18,"column":0},"end":{"line":18,"column":96}},"18":{"start":{"line":19,"column":0},"end":{"line":19,"column":84}},"19":{"start":{"line":20,"column":0},"end":{"line":20,"column":91}},"20":{"start":{"line":21,"column":0},"end":{"line":21,"column":12}},"21":{"start":{"line":22,"column":0},"end":{"line":22,"column":82}},"22":{"start":{"line":23,"column":0},"end":{"line":23,"column":66}},"23":{"start":{"line":24,"column":0},"end":{"line":24,"column":35}},"24":{"start":{"line":25,"column":0},"end":{"line":25,"column":58}},"25":{"start":{"line":26,"column":0},"end":{"line":26,"column":51}},"26":{"start":{"line":27,"column":0},"end":{"line":27,"column":38}},"27":{"start":{"line":28,"column":0},"end":{"line":28,"column":23}},"28":{"start":{"line":29,"column":0},"end":{"line":29,"column":69}},"29":{"start":{"line":30,"column":0},"end":{"line":30,"column":81}},"30":{"start":{"line":31,"column":0},"end":{"line":31,"column":23}},"31":{"start":{"line":32,"column":0},"end":{"line":32,"column":32}},"32":{"start":{"line":33,"column":0},"end":{"line":33,"column":14}},"33":{"start":{"line":34,"column":0},"end":{"line":34,"column":16}},"34":{"start":{"line":35,"column":0},"end":{"line":35,"column":90}},"35":{"start":{"line":36,"column":0},"end":{"line":36,"column":66}},"36":{"start":{"line":37,"column":0},"end":{"line":37,"column":71}},"37":{"start":{"line":38,"column":0},"end":{"line":38,"column":16}},"38":{"start":{"line":39,"column":0},"end":{"line":39,"column":47}},"39":{"start":{"line":40,"column":0},"end":{"line":40,"column":47}},"40":{"start":{"line":41,"column":0},"end":{"line":41,"column":58}},"41":{"start":{"line":42,"column":0},"end":{"line":42,"column":58}},"42":{"start":{"line":43,"column":0},"end":{"line":43,"column":59}},"43":{"start":{"line":44,"column":0},"end":{"line":44,"column":17}},"44":{"start":{"line":45,"column":0},"end":{"line":45,"column":18}},"45":{"start":{"line":46,"column":0},"end":{"line":46,"column":50}},"46":{"start":{"line":47,"column":0},"end":{"line":47,"column":39}},"47":{"start":{"line":48,"column":0},"end":{"line":48,"column":67}},"48":{"start":{"line":49,"column":0},"end":{"line":49,"column":58}},"49":{"start":{"line":50,"column":0},"end":{"line":50,"column":70}},"50":{"start":{"line":51,"column":0},"end":{"line":51,"column":88}},"51":{"start":{"line":52,"column":0},"end":{"line":52,"column":120}},"52":{"start":{"line":53,"column":0},"end":{"line":53,"column":91}},"53":{"start":{"line":54,"column":0},"end":{"line":54,"column":19}},"54":{"start":{"line":55,"column":0},"end":{"line":55,"column":15}},"55":{"start":{"line":56,"column":0},"end":{"line":56,"column":18}},"56":{"start":{"line":57,"column":0},"end":{"line":57,"column":16}},"57":{"start":{"line":58,"column":0},"end":{"line":58,"column":12}},"58":{"start":{"line":59,"column":0},"end":{"line":59,"column":14}},"60":{"start":{"line":61,"column":0},"end":{"line":61,"column":1}}},"s":{"0":1,"8":1,"9":2,"10":2,"11":2,"13":1,"14":1,"15":1,"16":1,"17":1,"18":1,"19":1,"20":1,"21":1,"22":1,"23":1,"24":1,"25":1,"26":1,"27":1,"28":1,"29":1,"30":1,"31":1,"32":1,"33":1,"34":1,"35":1,"36":1,"37":1,"38":1,"39":1,"40":1,"41":1,"42":1,"43":1,"44":1,"45":1,"46":1,"47":1,"48":1,"49":1,"50":1,"51":1,"52":1,"53":1,"54":1,"55":1,"56":1,"57":1,"58":1,"60":1},"branchMap":{"0":{"type":"branch","line":9,"loc":{"start":{"line":9,"column":7},"end":{"line":61,"column":1}},"locations":[{"start":{"line":9,"column":7},"end":{"line":61,"column":1}}]},"1":{"type":"branch","line":11,"loc":{"start":{"line":11,"column":17},"end":{"line":12,"column":20}},"locations":[{"start":{"line":11,"column":17},"end":{"line":12,"column":20}}]},"2":{"type":"branch","line":12,"loc":{"start":{"line":12,"column":13},"end":{"line":12,"column":53}},"locations":[{"start":{"line":12,"column":13},"end":{"line":12,"column":53}}]},"3":{"type":"branch","line":12,"loc":{"start":{"line":12,"column":50},"end":{"line":61,"column":1}},"locations":[{"start":{"line":12,"column":50},"end":{"line":61,"column":1}}]},"4":{"type":"branch","line":47,"loc":{"start":{"line":47,"column":28},"end":{"line":54,"column":19}},"locations":[{"start":{"line":47,"column":28},"end":{"line":54,"column":19}}]}},"b":{"0":[2],"1":[1],"2":[0],"3":[1],"4":[1]},"fnMap":{"0":{"name":"Realized","decl":{"start":{"line":9,"column":7},"end":{"line":61,"column":1}},"loc":{"start":{"line":9,"column":7},"end":{"line":61,"column":1}},"line":9},"1":{"name":"formatter","decl":{"start":{"line":29,"column":34},"end":{"line":29,"column":67}},"loc":{"start":{"line":29,"column":34},"end":{"line":29,"column":67}},"line":29}},"f":{"0":2,"1":0}}
,"/Users/meimei/workspace/ntu/repo/stocker/frontend/src/pages/Settings.tsx": {"path":"/Users/meimei/workspace/ntu/repo/stocker/frontend/src/pages/Settings.tsx","all":false,"statementMap":{"0":{"start":{"line":1,"column":0},"end":{"line":1,"column":49}},"9":{"start":{"line":10,"column":0},"end":{"line":10,"column":28}},"10":{"start":{"line":11,"column":0},"end":{"line":11,"column":44}},"11":{"start":{"line":12,"column":0},"end":{"line":12,"column":38}},"12":{"start":{"line":13,"column":0},"end":{"line":13,"column":39}},"13":{"start":{"line":14,"column":0},"end":{"line":14,"column":32}},"14":{"start":{"line":15,"column":0},"end":{"line":15,"column":59}},"15":{"start":{"line":16,"column":0},"end":{"line":16,"column":57}},"16":{"start":{"line":17,"column":0},"end":{"line":17,"column":78}},"17":{"start":{"line":18,"column":0},"end":{"line":18,"column":5}},"19":{"start":{"line":20,"column":0},"end":{"line":20,"column":19}},"20":{"start":{"line":21,"column":0},"end":{"line":21,"column":53}},"21":{"start":{"line":22,"column":0},"end":{"line":22,"column":13}},"23":{"start":{"line":24,"column":0},"end":{"line":24,"column":56}},"25":{"start":{"line":26,"column":0},"end":{"line":26,"column":10}},"26":{"start":{"line":27,"column":0},"end":{"line":27,"column":45}},"27":{"start":{"line":28,"column":0},"end":{"line":28,"column":61}},"28":{"start":{"line":29,"column":0},"end":{"line":29,"column":78}},"29":{"start":{"line":30,"column":0},"end":{"line":30,"column":49}},"30":{"start":{"line":31,"column":0},"end":{"line":31,"column":82}},"31":{"start":{"line":32,"column":0},"end":{"line":32,"column":15}},"32":{"start":{"line":33,"column":0},"end":{"line":33,"column":61}},"33":{"start":{"line":34,"column":0},"end":{"line":34,"column":72}},"34":{"start":{"line":35,"column":0},"end":{"line":35,"column":16}},"35":{"start":{"line":36,"column":0},"end":{"line":36,"column":14}},"36":{"start":{"line":37,"column":0},"end":{"line":37,"column":14}},"37":{"start":{"line":38,"column":0},"end":{"line":38,"column":49}},"38":{"start":{"line":39,"column":0},"end":{"line":39,"column":22}},"39":{"start":{"line":40,"column":0},"end":{"line":40,"column":17}},"40":{"start":{"line":41,"column":0},"end":{"line":41,"column":17}},"41":{"start":{"line":42,"column":0},"end":{"line":42,"column":21}},"42":{"start":{"line":43,"column":0},"end":{"line":43,"column":22}},"43":{"start":{"line":44,"column":0},"end":{"line":44,"column":67}},"44":{"start":{"line":45,"column":0},"end":{"line":45,"column":10}},"45":{"start":{"line":46,"column":0},"end":{"line":46,"column":47}},"46":{"start":{"line":47,"column":0},"end":{"line":47,"column":17}},"47":{"start":{"line":48,"column":0},"end":{"line":48,"column":105}},"48":{"start":{"line":49,"column":0},"end":{"line":49,"column":41}},"49":{"start":{"line":50,"column":0},"end":{"line":50,"column":49}},"50":{"start":{"line":51,"column":0},"end":{"line":51,"column":11}},"52":{"start":{"line":53,"column":0},"end":{"line":53,"column":19}},"53":{"start":{"line":54,"column":0},"end":{"line":54,"column":14}},"54":{"start":{"line":55,"column":0},"end":{"line":55,"column":12}},"55":{"start":{"line":56,"column":0},"end":{"line":56,"column":14}},"57":{"start":{"line":58,"column":0},"end":{"line":58,"column":1}}},"s":{"0":1,"9":1,"10":6,"11":6,"12":6,"13":6,"14":6,"15":1,"16":6,"17":6,"19":6,"20":3,"21":6,"23":6,"25":5,"26":5,"27":5,"28":5,"29":5,"30":5,"31":5,"32":5,"33":5,"34":5,"35":5,"36":5,"37":5,"38":5,"39":5,"40":5,"41":5,"42":5,"43":5,"44":5,"45":5,"46":5,"47":5,"48":5,"49":5,"50":5,"52":5,"53":5,"54":5,"55":5,"57":5},"branchMap":{"0":{"type":"branch","line":10,"loc":{"start":{"line":10,"column":7},"end":{"line":58,"column":1}},"locations":[{"start":{"line":10,"column":7},"end":{"line":58,"column":1}}]},"1":{"type":"branch","line":24,"loc":{"start":{"line":24,"column":17},"end":{"line":24,"column":56}},"locations":[{"start":{"line":24,"column":17},"end":{"line":24,"column":56}}]},"2":{"type":"branch","line":24,"loc":{"start":{"line":24,"column":53},"end":{"line":58,"column":1}},"locations":[{"start":{"line":24,"column":53},"end":{"line":58,"column":1}}]},"3":{"type":"branch","line":15,"loc":{"start":{"line":15,"column":16},"end":{"line":16,"column":57}},"locations":[{"start":{"line":15,"column":16},"end":{"line":16,"column":57}}]},"4":{"type":"branch","line":17,"loc":{"start":{"line":17,"column":15},"end":{"line":17,"column":78}},"locations":[{"start":{"line":17,"column":15},"end":{"line":17,"column":78}}]},"5":{"type":"branch","line":20,"loc":{"start":{"line":20,"column":12},"end":{"line":22,"column":5}},"locations":[{"start":{"line":20,"column":12},"end":{"line":22,"column":5}}]},"6":{"type":"branch","line":21,"loc":{"start":{"line":21,"column":14},"end":{"line":21,"column":53}},"locations":[{"start":{"line":21,"column":14},"end":{"line":21,"column":53}}]},"7":{"type":"branch","line":50,"loc":{"start":{"line":50,"column":21},"end":{"line":50,"column":49}},"locations":[{"start":{"line":50,"column":21},"end":{"line":50,"column":49}}]}},"b":{"0":[6],"1":[1],"2":[5],"3":[1],"4":[1],"5":[3],"6":[2],"7":[1]},"fnMap":{"0":{"name":"Settings","decl":{"start":{"line":10,"column":7},"end":{"line":58,"column":1}},"loc":{"start":{"line":10,"column":7},"end":{"line":58,"column":1}},"line":10},"1":{"name":"mutationFn","decl":{"start":{"line":15,"column":16},"end":{"line":16,"column":57}},"loc":{"start":{"line":15,"column":16},"end":{"line":16,"column":57}},"line":15},"2":{"name":"onSuccess","decl":{"start":{"line":17,"column":15},"end":{"line":17,"column":78}},"loc":{"start":{"line":17,"column":15},"end":{"line":17,"column":78}},"line":17},"3":{"name":"onChange","decl":{"start":{"line":44,"column":20},"end":{"line":44,"column":67}},"loc":{"start":{"line":44,"column":20},"end":{"line":44,"column":67}},"line":44},"4":{"name":"onClick","decl":{"start":{"line":50,"column":21},"end":{"line":50,"column":49}},"loc":{"start":{"line":50,"column":21},"end":{"line":50,"column":49}},"line":50}},"f":{"0":6,"1":1,"2":1,"3":0,"4":1}}
,"/Users/meimei/workspace/ntu/repo/stocker/frontend/src/pages/Transactions.tsx": {"path":"/Users/meimei/workspace/ntu/repo/stocker/frontend/src/pages/Transactions.tsx","all":false,"statementMap":{"0":{"start":{"line":1,"column":0},"end":{"line":1,"column":36}},"9":{"start":{"line":10,"column":0},"end":{"line":10,"column":32}},"10":{"start":{"line":11,"column":0},"end":{"line":11,"column":48}},"11":{"start":{"line":12,"column":0},"end":{"line":12,"column":39}},"12":{"start":{"line":13,"column":0},"end":{"line":13,"column":36}},"13":{"start":{"line":14,"column":0},"end":{"line":14,"column":48}},"14":{"start":{"line":15,"column":0},"end":{"line":15,"column":16}},"15":{"start":{"line":16,"column":0},"end":{"line":16,"column":13}},"16":{"start":{"line":17,"column":0},"end":{"line":17,"column":13}},"17":{"start":{"line":18,"column":0},"end":{"line":18,"column":21}},"18":{"start":{"line":19,"column":0},"end":{"line":19,"column":15}},"19":{"start":{"line":20,"column":0},"end":{"line":20,"column":14}},"20":{"start":{"line":21,"column":0},"end":{"line":21,"column":24}},"21":{"start":{"line":22,"column":0},"end":{"line":22,"column":14}},"22":{"start":{"line":23,"column":0},"end":{"line":23,"column":5}},"23":{"start":{"line":24,"column":0},"end":{"line":24,"column":32}},"24":{"start":{"line":25,"column":0},"end":{"line":25,"column":71}},"25":{"start":{"line":26,"column":0},"end":{"line":26,"column":62}},"26":{"start":{"line":27,"column":0},"end":{"line":27,"column":67}},"27":{"start":{"line":28,"column":0},"end":{"line":28,"column":28}},"28":{"start":{"line":29,"column":0},"end":{"line":29,"column":68}},"29":{"start":{"line":30,"column":0},"end":{"line":30,"column":24}},"30":{"start":{"line":31,"column":0},"end":{"line":31,"column":24}},"31":{"start":{"line":32,"column":0},"end":{"line":32,"column":45}},"32":{"start":{"line":33,"column":0},"end":{"line":33,"column":76}},"33":{"start":{"line":34,"column":0},"end":{"line":34,"column":14}},"34":{"start":{"line":35,"column":0},"end":{"line":35,"column":5}},"35":{"start":{"line":36,"column":0},"end":{"line":36,"column":32}},"36":{"start":{"line":37,"column":0},"end":{"line":37,"column":29}},"37":{"start":{"line":38,"column":0},"end":{"line":38,"column":46}},"38":{"start":{"line":39,"column":0},"end":{"line":39,"column":44}},"39":{"start":{"line":40,"column":0},"end":{"line":40,"column":40}},"40":{"start":{"line":41,"column":0},"end":{"line":41,"column":24}},"41":{"start":{"line":42,"column":0},"end":{"line":42,"column":28}},"42":{"start":{"line":43,"column":0},"end":{"line":43,"column":24}},"43":{"start":{"line":44,"column":0},"end":{"line":44,"column":24}},"44":{"start":{"line":45,"column":0},"end":{"line":45,"column":36}},"45":{"start":{"line":46,"column":0},"end":{"line":46,"column":61}},"46":{"start":{"line":47,"column":0},"end":{"line":47,"column":59}},"47":{"start":{"line":48,"column":0},"end":{"line":48,"column":62}},"48":{"start":{"line":49,"column":0},"end":{"line":49,"column":60}},"49":{"start":{"line":50,"column":0},"end":{"line":50,"column":94}},"50":{"start":{"line":51,"column":0},"end":{"line":51,"column":27}},"51":{"start":{"line":52,"column":0},"end":{"line":52,"column":9}},"52":{"start":{"line":53,"column":0},"end":{"line":53,"column":6}},"53":{"start":{"line":54,"column":0},"end":{"line":54,"column":22}},"54":{"start":{"line":55,"column":0},"end":{"line":55,"column":121}},"55":{"start":{"line":56,"column":0},"end":{"line":56,"column":68}},"56":{"start":{"line":57,"column":0},"end":{"line":57,"column":65}},"57":{"start":{"line":58,"column":0},"end":{"line":58,"column":64}},"58":{"start":{"line":59,"column":0},"end":{"line":59,"column":64}},"59":{"start":{"line":60,"column":0},"end":{"line":60,"column":5}},"60":{"start":{"line":61,"column":0},"end":{"line":61,"column":5}},"61":{"start":{"line":62,"column":0},"end":{"line":62,"column":40}},"62":{"start":{"line":63,"column":0},"end":{"line":63,"column":27}},"63":{"start":{"line":64,"column":0},"end":{"line":64,"column":22}},"64":{"start":{"line":65,"column":0},"end":{"line":65,"column":4}},"66":{"start":{"line":67,"column":0},"end":{"line":67,"column":58}},"68":{"start":{"line":69,"column":0},"end":{"line":69,"column":10}},"69":{"start":{"line":70,"column":0},"end":{"line":70,"column":35}},"70":{"start":{"line":71,"column":0},"end":{"line":71,"column":66}},"71":{"start":{"line":72,"column":0},"end":{"line":72,"column":13}},"72":{"start":{"line":73,"column":0},"end":{"line":73,"column":67}},"73":{"start":{"line":74,"column":0},"end":{"line":74,"column":81}},"74":{"start":{"line":75,"column":0},"end":{"line":75,"column":14}},"75":{"start":{"line":76,"column":0},"end":{"line":76,"column":145}},"76":{"start":{"line":77,"column":0},"end":{"line":77,"column":57}},"78":{"start":{"line":79,"column":0},"end":{"line":79,"column":17}},"79":{"start":{"line":80,"column":0},"end":{"line":80,"column":15}},"80":{"start":{"line":81,"column":0},"end":{"line":81,"column":145}},"81":{"start":{"line":82,"column":0},"end":{"line":82,"column":176}},"82":{"start":{"line":83,"column":0},"end":{"line":83,"column":167}},"83":{"start":{"line":84,"column":0},"end":{"line":84,"column":38}},"84":{"start":{"line":85,"column":0},"end":{"line":85,"column":38}},"85":{"start":{"line":86,"column":0},"end":{"line":86,"column":40}},"86":{"start":{"line":87,"column":0},"end":{"line":87,"column":17}},"87":{"start":{"line":88,"column":0},"end":{"line":88,"column":190}},"88":{"start":{"line":89,"column":0},"end":{"line":89,"column":190}},"89":{"start":{"line":90,"column":0},"end":{"line":90,"column":175}},"90":{"start":{"line":91,"column":0},"end":{"line":91,"column":40}},"91":{"start":{"line":92,"column":0},"end":{"line":92,"column":40}},"92":{"start":{"line":93,"column":0},"end":{"line":93,"column":17}},"93":{"start":{"line":94,"column":0},"end":{"line":94,"column":33}},"94":{"start":{"line":95,"column":0},"end":{"line":95,"column":216}},"96":{"start":{"line":97,"column":0},"end":{"line":97,"column":12}},"97":{"start":{"line":98,"column":0},"end":{"line":98,"column":198}},"98":{"start":{"line":99,"column":0},"end":{"line":99,"column":196}},"99":{"start":{"line":100,"column":0},"end":{"line":100,"column":13}},"101":{"start":{"line":102,"column":0},"end":{"line":102,"column":201}},"102":{"start":{"line":103,"column":0},"end":{"line":103,"column":92}},"103":{"start":{"line":104,"column":0},"end":{"line":104,"column":97}},"104":{"start":{"line":105,"column":0},"end":{"line":105,"column":14}},"105":{"start":{"line":106,"column":0},"end":{"line":106,"column":13}},"106":{"start":{"line":107,"column":0},"end":{"line":107,"column":90}},"107":{"start":{"line":108,"column":0},"end":{"line":108,"column":66}},"108":{"start":{"line":109,"column":0},"end":{"line":109,"column":71}},"109":{"start":{"line":110,"column":0},"end":{"line":110,"column":16}},"110":{"start":{"line":111,"column":0},"end":{"line":111,"column":47}},"111":{"start":{"line":112,"column":0},"end":{"line":112,"column":47}},"112":{"start":{"line":113,"column":0},"end":{"line":113,"column":47}},"113":{"start":{"line":114,"column":0},"end":{"line":114,"column":58}},"114":{"start":{"line":115,"column":0},"end":{"line":115,"column":60}},"115":{"start":{"line":116,"column":0},"end":{"line":116,"column":47}},"116":{"start":{"line":117,"column":0},"end":{"line":117,"column":17}},"117":{"start":{"line":118,"column":0},"end":{"line":118,"column":18}},"118":{"start":{"line":119,"column":0},"end":{"line":119,"column":50}},"119":{"start":{"line":120,"column":0},"end":{"line":120,"column":38}},"120":{"start":{"line":121,"column":0},"end":{"line":121,"column":30}},"121":{"start":{"line":122,"column":0},"end":{"line":122,"column":71}},"122":{"start":{"line":123,"column":0},"end":{"line":123,"column":70}},"123":{"start":{"line":124,"column":0},"end":{"line":124,"column":66}},"124":{"start":{"line":125,"column":0},"end":{"line":125,"column":98}},"125":{"start":{"line":126,"column":0},"end":{"line":126,"column":76}},"126":{"start":{"line":127,"column":0},"end":{"line":127,"column":97}},"127":{"start":{"line":128,"column":0},"end":{"line":128,"column":19}},"128":{"start":{"line":129,"column":0},"end":{"line":129,"column":15}},"129":{"start":{"line":130,"column":0},"end":{"line":130,"column":18}},"130":{"start":{"line":131,"column":0},"end":{"line":131,"column":16}},"131":{"start":{"line":132,"column":0},"end":{"line":132,"column":12}},"132":{"start":{"line":133,"column":0},"end":{"line":133,"column":14}},"134":{"start":{"line":135,"column":0},"end":{"line":135,"column":1}}},"s":{"0":1,"9":1,"10":21,"11":21,"12":21,"13":21,"14":21,"15":21,"16":21,"17":21,"18":21,"19":21,"20":21,"21":21,"22":21,"23":21,"24":8,"25":8,"26":21,"27":21,"28":21,"29":21,"30":21,"31":4,"32":4,"33":4,"34":21,"35":21,"36":21,"37":1,"38":1,"39":1,"40":1,"41":1,"42":1,"43":1,"44":1,"45":1,"46":1,"47":1,"48":1,"49":1,"50":1,"51":1,"52":1,"53":21,"54":1,"55":1,"56":1,"57":1,"58":1,"59":1,"60":21,"61":21,"62":1,"63":1,"64":1,"66":21,"68":20,"69":20,"70":20,"71":20,"72":20,"73":21,"74":21,"75":21,"76":21,"78":21,"79":21,"80":21,"81":21,"82":21,"83":21,"84":21,"85":21,"86":21,"87":21,"88":21,"89":21,"90":21,"91":21,"92":21,"93":21,"94":18,"96":2,"97":2,"98":2,"99":2,"101":21,"102":21,"103":21,"104":21,"105":21,"106":21,"107":21,"108":21,"109":21,"110":21,"111":21,"112":21,"113":21,"114":21,"115":21,"116":21,"117":21,"118":21,"119":21,"120":20,"121":20,"122":20,"123":20,"124":20,"125":20,"126":20,"127":20,"128":21,"129":21,"130":21,"131":21,"132":21,"134":21},"branchMap":{"0":{"type":"branch","line":10,"loc":{"start":{"line":10,"column":7},"end":{"line":135,"column":1}},"locations":[{"start":{"line":10,"column":7},"end":{"line":135,"column":1}}]},"1":{"type":"branch","line":67,"loc":{"start":{"line":67,"column":17},"end":{"line":67,"column":58}},"locations":[{"start":{"line":67,"column":17},"end":{"line":67,"column":58}}]},"2":{"type":"branch","line":67,"loc":{"start":{"line":67,"column":55},"end":{"line":74,"column":71}},"locations":[{"start":{"line":67,"column":55},"end":{"line":74,"column":71}}]},"3":{"type":"branch","line":74,"loc":{"start":{"line":74,"column":62},"end":{"line":74,"column":73}},"locations":[{"start":{"line":74,"column":62},"end":{"line":74,"column":73}}]},"4":{"type":"branch","line":94,"loc":{"start":{"line":94,"column":25},"end":{"line":95,"column":216}},"locations":[{"start":{"line":94,"column":25},"end":{"line":95,"column":216}}]},"5":{"type":"branch","line":95,"loc":{"start":{"line":95,"column":214},"end":{"line":100,"column":13}},"locations":[{"start":{"line":95,"column":214},"end":{"line":100,"column":13}}]},"6":{"type":"branch","line":104,"loc":{"start":{"line":104,"column":29},"end":{"line":104,"column":53}},"locations":[{"start":{"line":104,"column":29},"end":{"line":104,"column":53}}]},"7":{"type":"branch","line":104,"loc":{"start":{"line":104,"column":35},"end":{"line":104,"column":54}},"locations":[{"start":{"line":104,"column":35},"end":{"line":104,"column":54}}]},"8":{"type":"branch","line":104,"loc":{"start":{"line":104,"column":77},"end":{"line":104,"column":94}},"locations":[{"start":{"line":104,"column":77},"end":{"line":104,"column":94}}]},"9":{"type":"branch","line":104,"loc":{"start":{"line":104,"column":83},"end":{"line":104,"column":95}},"locations":[{"start":{"line":104,"column":83},"end":{"line":104,"column":95}}]},"10":{"type":"branch","line":120,"loc":{"start":{"line":120,"column":13},"end":{"line":120,"column":25}},"locations":[{"start":{"line":120,"column":13},"end":{"line":120,"column":25}}]},"11":{"type":"branch","line":24,"loc":{"start":{"line":24,"column":25},"end":{"line":27,"column":5}},"locations":[{"start":{"line":24,"column":25},"end":{"line":27,"column":5}}]},"12":{"type":"branch","line":25,"loc":{"start":{"line":25,"column":30},"end":{"line":25,"column":71}},"locations":[{"start":{"line":25,"column":30},"end":{"line":25,"column":71}}]},"13":{"type":"branch","line":25,"loc":{"start":{"line":25,"column":49},"end":{"line":25,"column":69}},"locations":[{"start":{"line":25,"column":49},"end":{"line":25,"column":69}}]},"14":{"type":"branch","line":25,"loc":{"start":{"line":25,"column":69},"end":{"line":26,"column":34}},"locations":[{"start":{"line":25,"column":69},"end":{"line":26,"column":34}}]},"15":{"type":"branch","line":26,"loc":{"start":{"line":26,"column":50},"end":{"line":26,"column":60}},"locations":[{"start":{"line":26,"column":50},"end":{"line":26,"column":60}}]},"16":{"type":"branch","line":31,"loc":{"start":{"line":31,"column":13},"end":{"line":34,"column":14}},"locations":[{"start":{"line":31,"column":13},"end":{"line":34,"column":14}}]},"17":{"type":"branch","line":37,"loc":{"start":{"line":37,"column":16},"end":{"line":53,"column":6}},"locations":[{"start":{"line":37,"column":16},"end":{"line":53,"column":6}}]},"18":{"type":"branch","line":46,"loc":{"start":{"line":46,"column":36},"end":{"line":46,"column":51}},"locations":[{"start":{"line":46,"column":36},"end":{"line":46,"column":51}}]},"19":{"type":"branch","line":47,"loc":{"start":{"line":47,"column":35},"end":{"line":47,"column":49}},"locations":[{"start":{"line":47,"column":35},"end":{"line":47,"column":49}}]},"20":{"type":"branch","line":48,"loc":{"start":{"line":48,"column":37},"end":{"line":48,"column":52}},"locations":[{"start":{"line":48,"column":37},"end":{"line":48,"column":52}}]},"21":{"type":"branch","line":49,"loc":{"start":{"line":49,"column":36},"end":{"line":49,"column":50}},"locations":[{"start":{"line":49,"column":36},"end":{"line":49,"column":50}}]},"22":{"type":"branch","line":50,"loc":{"start":{"line":50,"column":60},"end":{"line":50,"column":80}},"locations":[{"start":{"line":50,"column":60},"end":{"line":50,"column":80}}]},"23":{"type":"branch","line":50,"loc":{"start":{"line":50,"column":80},"end":{"line":50,"column":94}},"locations":[{"start":{"line":50,"column":80},"end":{"line":50,"column":94}}]},"24":{"type":"branch","line":54,"loc":{"start":{"line":54,"column":15},"end":{"line":60,"column":5}},"locations":[{"start":{"line":54,"column":15},"end":{"line":60,"column":5}}]},"25":{"type":"branch","line":55,"loc":{"start":{"line":55,"column":14},"end":{"line":55,"column":119}},"locations":[{"start":{"line":55,"column":14},"end":{"line":55,"column":119}}]},"26":{"type":"branch","line":62,"loc":{"start":{"line":62,"column":17},"end":{"line":65,"column":4}},"locations":[{"start":{"line":62,"column":17},"end":{"line":65,"column":4}}]},"27":{"type":"branch","line":83,"loc":{"start":{"line":83,"column":106},"end":{"line":83,"column":167}},"locations":[{"start":{"line":83,"column":106},"end":{"line":83,"column":167}}]},"28":{"type":"branch","line":88,"loc":{"start":{"line":88,"column":120},"end":{"line":88,"column":179}},"locations":[{"start":{"line":88,"column":120},"end":{"line":88,"column":179}}]},"29":{"type":"branch","line":89,"loc":{"start":{"line":89,"column":120},"end":{"line":89,"column":179}},"locations":[{"start":{"line":89,"column":120},"end":{"line":89,"column":179}}]},"30":{"type":"branch","line":95,"loc":{"start":{"line":95,"column":135},"end":{"line":95,"column":205}},"locations":[{"start":{"line":95,"column":135},"end":{"line":95,"column":205}}]},"31":{"type":"branch","line":120,"loc":{"start":{"line":120,"column":29},"end":{"line":128,"column":19}},"locations":[{"start":{"line":120,"column":29},"end":{"line":128,"column":19}}]},"32":{"type":"branch","line":125,"loc":{"start":{"line":125,"column":57},"end":{"line":125,"column":89}},"locations":[{"start":{"line":125,"column":57},"end":{"line":125,"column":89}}]},"33":{"type":"branch","line":125,"loc":{"start":{"line":125,"column":74},"end":{"line":125,"column":93}},"locations":[{"start":{"line":125,"column":74},"end":{"line":125,"column":93}}]},"34":{"type":"branch","line":127,"loc":{"start":{"line":127,"column":79},"end":{"line":127,"column":92}},"locations":[{"start":{"line":127,"column":79},"end":{"line":127,"column":92}}]}},"b":{"0":[21],"1":[1],"2":[20],"3":[0],"4":[18],"5":[2],"6":[4],"7":[20],"8":[4],"9":[20],"10":[20],"11":[8],"12":[6],"13":[2],"14":[2],"15":[2],"16":[4],"17":[1],"18":[0],"19":[0],"20":[0],"21":[0],"22":[0],"23":[0],"24":[1],"25":[1],"26":[1],"27":[1],"28":[4],"29":[3],"30":[4],"31":[20],"32":[0],"33":[0],"34":[0]},"fnMap":{"0":{"name":"Transactions","decl":{"start":{"line":10,"column":7},"end":{"line":135,"column":1}},"loc":{"start":{"line":10,"column":7},"end":{"line":135,"column":1}},"line":10},"1":{"name":"queryFn","decl":{"start":{"line":31,"column":13},"end":{"line":34,"column":14}},"loc":{"start":{"line":31,"column":13},"end":{"line":34,"column":14}},"line":31},"2":{"name":"mutationFn","decl":{"start":{"line":37,"column":16},"end":{"line":53,"column":6}},"loc":{"start":{"line":37,"column":16},"end":{"line":53,"column":6}},"line":37},"3":{"name":"onSuccess","decl":{"start":{"line":54,"column":15},"end":{"line":60,"column":5}},"loc":{"start":{"line":54,"column":15},"end":{"line":60,"column":5}},"line":54},"4":{"name":"submit","decl":{"start":{"line":62,"column":17},"end":{"line":65,"column":4}},"loc":{"start":{"line":62,"column":17},"end":{"line":65,"column":4}},"line":62},"5":{"name":"onChange","decl":{"start":{"line":82,"column":115},"end":{"line":82,"column":174}},"loc":{"start":{"line":82,"column":115},"end":{"line":82,"column":174}},"line":82},"6":{"name":"onChange","decl":{"start":{"line":83,"column":106},"end":{"line":83,"column":167}},"loc":{"start":{"line":83,"column":106},"end":{"line":83,"column":167}},"line":83},"7":{"name":"onChange","decl":{"start":{"line":88,"column":120},"end":{"line":88,"column":179}},"loc":{"start":{"line":88,"column":120},"end":{"line":88,"column":179}},"line":88},"8":{"name":"onChange","decl":{"start":{"line":89,"column":120},"end":{"line":89,"column":179}},"loc":{"start":{"line":89,"column":120},"end":{"line":89,"column":179}},"line":89},"9":{"name":"onChange","decl":{"start":{"line":90,"column":110},"end":{"line":90,"column":175}},"loc":{"start":{"line":90,"column":110},"end":{"line":90,"column":175}},"line":90},"10":{"name":"onChange","decl":{"start":{"line":95,"column":135},"end":{"line":95,"column":205}},"loc":{"start":{"line":95,"column":135},"end":{"line":95,"column":205}},"line":95},"11":{"name":"onChange","decl":{"start":{"line":98,"column":126},"end":{"line":98,"column":187}},"loc":{"start":{"line":98,"column":126},"end":{"line":98,"column":187}},"line":98},"12":{"name":"onChange","decl":{"start":{"line":99,"column":125},"end":{"line":99,"column":185}},"loc":{"start":{"line":99,"column":125},"end":{"line":99,"column":185}},"line":99},"13":{"name":"onChange","decl":{"start":{"line":102,"column":138},"end":{"line":102,"column":199}},"loc":{"start":{"line":102,"column":138},"end":{"line":102,"column":199}},"line":102}},"f":{"0":21,"1":4,"2":1,"3":1,"4":1,"5":0,"6":1,"7":4,"8":3,"9":0,"10":4,"11":0,"12":0,"13":0}}
}
